<?xml version="1.0" encoding="UTF-8"?>
<!-- Generated by org.testng.reporters.JUnitXMLReporter -->
<testsuite ignored="0" hostname="DESKTOP-3O1JLKM" failures="0" tests="5" name="Default test" time="2.381" errors="0" timestamp="2022-09-25T13:59:53 IST">
  <testcase classname="org.testngPracticePrgs.NavCityWithExcelTest" name="navigateFromCitiesToCities" time="0.02"/>
  <testcase classname="org.testngPracticePrgs.NavCityWithExcelTest" name="navigateFromCitiesToCities" time="0.003"/>
  <testcase classname="org.testngPracticePrgs.NavCityWithExcelTest" name="navigateFromCitiesToCities" time="0.003"/>
  <testcase classname="org.testngPracticePrgs.NavCityWithExcelTest" name="navigateFromCitiesToCities" time="0.002"/>
  <testcase classname="org.testngPracticePrgs.NavCityWithExcelTest" name="navigateFromCitiesToCities" time="0.005"/>
</testsuite> <!-- Default test -->
