<?xml version="1.0" encoding="UTF-8"?>
<!-- Generated by org.testng.reporters.JUnitXMLReporter -->
<testsuite ignored="6" hostname="DESKTOP-3O1JLKM" failures="0" tests="4" name="Test" time="99.472" errors="0" timestamp="2022-08-22T16:01:13 IST">
  <testcase classname="com.shophunt.product.testngtest.MyAccountTest" name="createUserAccountAndVerifyAdminModule" time="30.7"/>
  <testcase classname="com.shophunt.product.testngtest.InsertProductTest" name="insertTheProductAsAnAdmin" time="9.025"/>
  <testcase classname="com.shophunt.product.testngtest.BuyProductTest" name="buyTheProductAndVerifyInAdminModule" time="32.193"/>
  <testcase classname="com.shophunt.product.testngtest.CreateCategory" name="CreateCategoryAndVerifyInUserAdminModuleTest" time="11.704"/>
  <testcase classname="com.shophunt.genericutilities.BaseClass" name="@BeforeSuite connectToDB" time="0.0">
    <ignored/>
  </testcase> <!-- @BeforeSuite connectToDB -->
  <testcase classname="com.shophunt.genericutilities.BaseClass" name="@BeforeSuite connectToDB" time="0.0">
    <ignored/>
  </testcase> <!-- @BeforeSuite connectToDB -->
  <testcase classname="com.shophunt.genericutilities.BaseClass" name="@BeforeSuite connectToDB" time="0.0">
    <ignored/>
  </testcase> <!-- @BeforeSuite connectToDB -->
  <testcase classname="com.shophunt.genericutilities.BaseClass" name="@AfterSuite closeTheDBConnection" time="0.0">
    <ignored/>
  </testcase> <!-- @AfterSuite closeTheDBConnection -->
  <testcase classname="com.shophunt.genericutilities.BaseClass" name="@AfterSuite closeTheDBConnection" time="0.0">
    <ignored/>
  </testcase> <!-- @AfterSuite closeTheDBConnection -->
  <testcase classname="com.shophunt.genericutilities.BaseClass" name="@AfterSuite closeTheDBConnection" time="0.0">
    <ignored/>
  </testcase> <!-- @AfterSuite closeTheDBConnection -->
</testsuite> <!-- Test -->
