<?xml version="1.0" encoding="UTF-8"?>
<testng-results ignored="0" total="5" passed="5" failed="0" skipped="0">
  <reporter-output>
  </reporter-output>
  <suite started-at="2022-09-25T13:59:50 IST" name="Default suite" finished-at="2022-09-25T13:59:52 IST" duration-ms="2381">
    <groups>
    </groups>
    <test started-at="2022-09-25T13:59:50 IST" name="Default test" finished-at="2022-09-25T13:59:52 IST" duration-ms="2381">
      <class name="org.testngPracticePrgs.NavCityWithExcelTest">
        <test-method signature="navigateFromCitiesToCities(java.lang.String,java.lang.String)[pri:0, instance:org.testngPracticePrgs.NavCityWithExcelTest@193f604a]" started-at="2022-09-25T13:59:52 IST" name="navigateFromCitiesToCities" data-provider="dataProvider_NavigationCityNames" finished-at="2022-09-25T13:59:52 IST" duration-ms="20" status="PASS">
          <params>
            <param index="0">
              <value>
                <![CDATA[Hassan]]>
              </value>
            </param>
            <param index="1">
              <value>
                <![CDATA[Bengaluru]]>
              </value>
            </param>
          </params>
          <reporter-output>
          </reporter-output>
        </test-method> <!-- navigateFromCitiesToCities -->
        <test-method signature="navigateFromCitiesToCities(java.lang.String,java.lang.String)[pri:0, instance:org.testngPracticePrgs.NavCityWithExcelTest@193f604a]" started-at="2022-09-25T13:59:52 IST" name="navigateFromCitiesToCities" data-provider="dataProvider_NavigationCityNames" finished-at="2022-09-25T13:59:52 IST" duration-ms="3" status="PASS">
          <params>
            <param index="0">
              <value>
                <![CDATA[Bengaluru]]>
              </value>
            </param>
            <param index="1">
              <value>
                <![CDATA[Chennai]]>
              </value>
            </param>
          </params>
          <reporter-output>
          </reporter-output>
        </test-method> <!-- navigateFromCitiesToCities -->
        <test-method signature="navigateFromCitiesToCities(java.lang.String,java.lang.String)[pri:0, instance:org.testngPracticePrgs.NavCityWithExcelTest@193f604a]" started-at="2022-09-25T13:59:52 IST" name="navigateFromCitiesToCities" data-provider="dataProvider_NavigationCityNames" finished-at="2022-09-25T13:59:52 IST" duration-ms="3" status="PASS">
          <params>
            <param index="0">
              <value>
                <![CDATA[Chennai]]>
              </value>
            </param>
            <param index="1">
              <value>
                <![CDATA[Pondicherry]]>
              </value>
            </param>
          </params>
          <reporter-output>
          </reporter-output>
        </test-method> <!-- navigateFromCitiesToCities -->
        <test-method signature="navigateFromCitiesToCities(java.lang.String,java.lang.String)[pri:0, instance:org.testngPracticePrgs.NavCityWithExcelTest@193f604a]" started-at="2022-09-25T13:59:52 IST" name="navigateFromCitiesToCities" data-provider="dataProvider_NavigationCityNames" finished-at="2022-09-25T13:59:52 IST" duration-ms="2" status="PASS">
          <params>
            <param index="0">
              <value>
                <![CDATA[Pondicherry]]>
              </value>
            </param>
            <param index="1">
              <value>
                <![CDATA[Andaman]]>
              </value>
            </param>
          </params>
          <reporter-output>
          </reporter-output>
        </test-method> <!-- navigateFromCitiesToCities -->
        <test-method signature="navigateFromCitiesToCities(java.lang.String,java.lang.String)[pri:0, instance:org.testngPracticePrgs.NavCityWithExcelTest@193f604a]" started-at="2022-09-25T13:59:52 IST" name="navigateFromCitiesToCities" data-provider="dataProvider_NavigationCityNames" finished-at="2022-09-25T13:59:52 IST" duration-ms="5" status="PASS">
          <params>
            <param index="0">
              <value>
                <![CDATA[Andaman]]>
              </value>
            </param>
            <param index="1">
              <value>
                <![CDATA[Pattaya]]>
              </value>
            </param>
          </params>
          <reporter-output>
          </reporter-output>
        </test-method> <!-- navigateFromCitiesToCities -->
      </class> <!-- org.testngPracticePrgs.NavCityWithExcelTest -->
    </test> <!-- Default test -->
  </suite> <!-- Default suite -->
</testng-results>
