<?xml version="1.0" encoding="UTF-8"?>
<!-- Generated by org.testng.reporters.JUnitXMLReporter -->
<testsuite ignored="2" hostname="DESKTOP-3O1JLKM" failures="0" tests="5" name="TestRunner1" time="50.294" errors="0" timestamp="2022-08-19T10:08:01 IST">
  <testcase classname="com.shophunt.product.testngtest.EndToEndSuiteTest" name="CreateCategoryAndVerifyInUserAdminModuleTest" time="8.252"/>
  <testcase classname="com.shophunt.product.testngtest.EndToEndSuiteTest" name="buyTheProductAndVerifyInAdminModule" time="15.082"/>
  <testcase classname="com.shophunt.product.testngtest.EndToEndSuiteTest" name="createUserAccountAndVerifyAdminModule" time="8.356"/>
  <testcase classname="com.shophunt.product.testngtest.EndToEndSuiteTest" name="insertTheProductAsAnAdmin" time="5.405"/>
  <testcase classname="com.shophunt.product.testngtest.InsertProductTest" name="insertTheProductAsAnAdmin" time="5.175"/>
  <testcase classname="com.shophunt.genericutilities.BaseClass" name="@BeforeSuite connectToDB" time="0.0">
    <ignored/>
  </testcase> <!-- @BeforeSuite connectToDB -->
  <testcase classname="com.shophunt.genericutilities.BaseClass" name="@AfterSuite closeTheDBConnection" time="0.0">
    <ignored/>
  </testcase> <!-- @AfterSuite closeTheDBConnection -->
</testsuite> <!-- TestRunner1 -->
