<?xml version="1.0" encoding="UTF-8"?>
<!-- Generated by org.testng.reporters.JUnitXMLReporter -->
<testsuite ignored="2" hostname="DESKTOP-3O1JLKM" failures="0" tests="2" name="Test1" time="40.323" errors="0" timestamp="2022-08-19T10:11:40 IST">
  <testcase classname="com.shophunt.product.testngtest.InsertProductTest" name="insertTheProductAsAnAdmin" time="11.931"/>
  <testcase classname="com.shophunt.product.testngtest.CreateCategory" name="CreateCategoryAndVerifyInUserAdminModuleTest" time="13.253"/>
  <testcase classname="com.shophunt.genericutilities.BaseClass" name="@BeforeSuite connectToDB" time="0.0">
    <ignored/>
  </testcase> <!-- @BeforeSuite connectToDB -->
  <testcase classname="com.shophunt.genericutilities.BaseClass" name="@AfterSuite closeTheDBConnection" time="0.0">
    <ignored/>
  </testcase> <!-- @AfterSuite closeTheDBConnection -->
</testsuite> <!-- Test1 -->
