<?xml version="1.0" encoding="UTF-8"?>
<!-- Generated by org.testng.reporters.JUnitXMLReporter -->
<testsuite ignored="2" hostname="DESKTOP-3O1JLKM" failures="0" tests="5" name="Test" time="77.846" errors="0" timestamp="2022-08-19T10:12:17 IST">
  <testcase classname="com.shophunt.product.testngtest.EndToEndSuiteTest" name="CreateCategoryAndVerifyInUserAdminModuleTest" time="14.902"/>
  <testcase classname="com.shophunt.product.testngtest.EndToEndSuiteTest" name="buyTheProductAndVerifyInAdminModule" time="26.08"/>
  <testcase classname="com.shophunt.product.testngtest.EndToEndSuiteTest" name="createUserAccountAndVerifyAdminModule" time="8.341"/>
  <testcase classname="com.shophunt.product.testngtest.EndToEndSuiteTest" name="insertTheProductAsAnAdmin" time="4.75"/>
  <testcase classname="com.shophunt.product.testngtest.MyAccountTest" name="createUserAccountAndVerifyAdminModule" time="13.952"/>
  <testcase classname="com.shophunt.genericutilities.BaseClass" name="@BeforeSuite connectToDB" time="0.0">
    <ignored/>
  </testcase> <!-- @BeforeSuite connectToDB -->
  <testcase classname="com.shophunt.genericutilities.BaseClass" name="@AfterSuite closeTheDBConnection" time="0.0">
    <ignored/>
  </testcase> <!-- @AfterSuite closeTheDBConnection -->
</testsuite> <!-- Test -->
